2026-05-03 14:06:49.893 [Thread-0] INFO  server.ServerMain - Сервер завершает работу. Сохранение коллекции...
2026-05-03 14:06:52.009 [main] INFO  server.ServerMain - Hello! Log4j2 run successfully.
2026-05-03 14:06:52.110 [main] INFO  server.ServerMain - 🚀 Server NIO is running at localhost: 1234
2026-05-03 14:06:57.699 [main] INFO  server.ServerMain - 🤝 Sent greeting and accepted: /127.0.0.1:58577
2026-05-03 14:07:13.293 [main] INFO  server.ServerMain - 📦 Received Object: 146 bytes
2026-05-03 14:07:13.302 [main] INFO  server.ServerMain - 📥 Received Request: Request{cmd='add_ìf_max', stringArg='null', objectArg='null'}
2026-05-03 14:07:13.307 [main] INFO  server.ServerMain - 📤 Send response to Client (304 bytes)
2026-05-03 14:07:24.507 [main] INFO  server.ServerMain - 📦 Received Object: 145 bytes
2026-05-03 14:07:24.508 [main] INFO  server.ServerMain - 📥 Received Request: Request{cmd='add_if_max', stringArg='null', objectArg='null'}
2026-05-03 14:07:24.508 [main] INFO  server.ServerMain - 📤 Send response to Client (250 bytes)
2026-05-03 14:41:42.168 [Thread-0] INFO  server.ServerMain - Сервер завершает работу. Сохранение коллекции...
2026-05-03 14:41:46.863 [main] INFO  server.ServerMain - Hello! Log4j2 run successfully.
2026-05-03 14:41:46.964 [main] INFO  server.ServerMain - 🚀 Server NIO is running at localhost: 1234
2026-05-03 14:41:53.626 [main] INFO  server.ServerMain - 🤝 Sent greeting and accepted: /127.0.0.1:60698
2026-05-03 14:42:11.598 [main] INFO  server.ServerMain - 📦 Received Object: 149 bytes
2026-05-03 14:42:11.605 [main] INFO  server.ServerMain - 📥 Received Request: Request{cmd='add_if_max', stringArg='10', objectArg='null'}
2026-05-03 14:42:11.608 [main] INFO  server.ServerMain - 📤 Send response to Client (236 bytes)
2026-05-03 14:42:43.825 [main] INFO  server.ServerMain - 📦 Received Object: 591 bytes
2026-05-03 14:42:43.837 [main] INFO  server.ServerMain - 📥 Received Request: Request{cmd='add_if_max', stringArg='10', objectArg='HumanBeing {id=1, name='ewfwe', coordinates=(5, 5), realHero=true, hasToothpick=true, impactSpeed=425.0, soundtrackName='gsw', minutesOfWaiting=52, weaponType=null, car=null, creationDate=2026-05-03T14:42:43.798997800}'}
2026-05-03 14:42:43.838 [main] INFO  server.ServerMain - 📤 Send response to Client (333 bytes)
2026-05-03 14:47:00.733 [main] INFO  server.ServerMain - 📦 Received Object: 149 bytes
2026-05-03 14:47:00.733 [main] INFO  server.ServerMain - 📥 Received Request: Request{cmd='add_if_max', stringArg='10', objectArg='null'}
2026-05-03 14:47:00.733 [main] INFO  server.ServerMain - 📤 Send response to Client (236 bytes)
2026-05-03 14:47:33.415 [Thread-0] INFO  server.ServerMain - Сервер завершает работу. Сохранение коллекции...
2026-05-03 21:32:42.712 [main] INFO  server.ServerMain - Hello! Log4j2 run successfully.
2026-05-03 21:32:42.827 [main] INFO  server.ServerMain - 🚀 Server NIO is running at localhost: 1234
2026-05-03 21:32:46.143 [main] INFO  server.ServerMain - 🤝 Sent greeting and accepted: /127.0.0.1:55079
2026-05-03 21:32:54.501 [main] ERROR server.ServerMain - ❌ Reading data error: Connection reset
2026-05-03 21:32:54.808 [main] INFO  server.ServerMain - 🤝 Sent greeting and accepted: /127.0.0.1:55085
2026-05-03 21:32:59.513 [main] INFO  server.ServerMain - 📦 Received Object: 141 bytes
2026-05-03 21:32:59.521 [main] INFO  server.ServerMain - 📥 Received Request: Request{cmd='add_id', stringArg='null', objectArg='null'}
2026-05-03 21:32:59.523 [main] INFO  server.ServerMain - 📤 Send response to Client (273 bytes)
2026-05-03 21:33:13.924 [main] INFO  server.ServerMain - 📦 Received Object: 149 bytes
2026-05-03 21:33:13.925 [main] INFO  server.ServerMain - 📥 Received Request: Request{cmd='add_if_max', stringArg='30', objectArg='null'}
2026-05-03 21:33:13.925 [main] INFO  server.ServerMain - 📤 Send response to Client (282 bytes)
2026-05-03 21:33:13.926 [main] INFO  server.ServerMain - 📦 Received Object: 149 bytes
2026-05-03 21:33:13.926 [main] INFO  server.ServerMain - 📥 Received Request: Request{cmd='add_if_max', stringArg='30', objectArg='null'}
2026-05-03 21:33:13.927 [main] INFO  server.ServerMain - 📤 Send response to Client (282 bytes)
2026-05-03 21:33:31.587 [main] INFO  server.ServerMain - 📦 Received Object: 149 bytes
2026-05-03 21:33:31.588 [main] INFO  server.ServerMain - 📥 Received Request: Request{cmd='add_if_max', stringArg='99', objectArg='null'}
2026-05-03 21:33:31.588 [main] INFO  server.ServerMain - 📤 Send response to Client (282 bytes)
2026-05-03 21:33:31.589 [main] INFO  server.ServerMain - 📦 Received Object: 149 bytes
2026-05-03 21:33:31.589 [main] INFO  server.ServerMain - 📥 Received Request: Request{cmd='add_if_max', stringArg='99', objectArg='null'}
2026-05-03 21:33:31.590 [main] INFO  server.ServerMain - 📤 Send response to Client (282 bytes)
2026-05-03 21:33:38.900 [main] INFO  server.ServerMain - 📦 Received Object: 150 bytes
2026-05-03 21:33:38.901 [main] INFO  server.ServerMain - 📥 Received Request: Request{cmd='add_if_max', stringArg='300', objectArg='null'}
2026-05-03 21:33:38.901 [main] INFO  server.ServerMain - 📤 Send response to Client (282 bytes)
2026-05-03 21:34:03.983 [main] INFO  server.ServerMain - 📦 Received Object: 596 bytes
2026-05-03 21:34:03.994 [main] INFO  server.ServerMain - 📥 Received Request: Request{cmd='add_if_max', stringArg='300', objectArg='HumanBeing {id=1, name='gshkjds', coordinates=(42, 44), realHero=true, hasToothpick=false, impactSpeed=235.0, soundtrackName='gsdfg', minutesOfWaiting=3245, weaponType=null, car=null, creationDate=2026-05-03T21:34:03.957428200}'}
2026-05-03 21:34:03.995 [main] INFO  server.ServerMain - 📤 Send response to Client (333 bytes)
2026-05-03 21:34:13.378 [main] INFO  server.ServerMain - 📦 Received Object: 139 bytes
2026-05-03 21:34:13.379 [main] INFO  server.ServerMain - 📥 Received Request: Request{cmd='show', stringArg='null', objectArg='null'}
2026-05-03 21:34:13.382 [main] INFO  server.ServerMain - 📤 Send response to Client (6149 bytes)
2026-05-03 21:34:47.176 [main] INFO  server.ServerMain - 👋 Client leaved.
2026-05-03 21:52:15.888 [Thread-0] INFO  server.ServerMain - Сервер завершает работу. Сохранение коллекции...
2026-05-03 21:52:18.189 [main] INFO  server.ServerMain - Hello! Log4j2 run successfully.
2026-05-03 21:52:18.293 [main] INFO  server.ServerMain - 🚀 Server NIO is running at localhost: 1234
2026-05-03 21:52:19.969 [main] INFO  server.ServerMain - 🤝 Sent greeting and accepted: /127.0.0.1:53696
2026-05-03 21:52:24.648 [main] INFO  server.ServerMain - 📦 Received Object: 137 bytes
2026-05-03 21:52:24.657 [main] INFO  server.ServerMain - 📥 Received Request: Request{cmd='if', stringArg='null', objectArg='null'}
2026-05-03 21:52:24.659 [main] INFO  server.ServerMain - 📤 Send response to Client (303 bytes)
2026-05-03 21:52:29.046 [main] INFO  server.ServerMain - 📦 Received Object: 139 bytes
2026-05-03 21:52:29.046 [main] INFO  server.ServerMain - 📥 Received Request: Request{cmd='ifma', stringArg='null', objectArg='null'}
2026-05-03 21:52:29.047 [main] INFO  server.ServerMain - 📤 Send response to Client (271 bytes)
2026-05-03 21:52:32.874 [main] INFO  server.ServerMain - 📦 Received Object: 141 bytes
2026-05-03 21:52:32.875 [main] INFO  server.ServerMain - 📥 Received Request: Request{cmd='if_max', stringArg='null', objectArg='null'}
2026-05-03 21:52:32.875 [main] INFO  server.ServerMain - 📤 Send response to Client (273 bytes)
2026-05-03 21:52:43.582 [main] INFO  server.ServerMain - 📦 Received Object: 150 bytes
2026-05-03 21:52:43.583 [main] INFO  server.ServerMain - 📥 Received Request: Request{cmd='add_if_max', stringArg='300', objectArg='null'}
2026-05-03 21:52:43.583 [main] INFO  server.ServerMain - 📤 Send response to Client (282 bytes)
2026-05-03 21:53:05.485 [main] INFO  server.ServerMain - 📦 Received Object: 600 bytes
2026-05-03 21:53:05.495 [main] INFO  server.ServerMain - 📥 Received Request: Request{cmd='add_if_max', stringArg='300', objectArg='HumanBeing {id=1, name='sdfggdsg', coordinates=(44, 44), realHero=true, hasToothpick=false, impactSpeed=2345.0, soundtrackName='sdgsehfd', minutesOfWaiting=5, weaponType=null, car=null, creationDate=2026-05-03T21:53:05.464829400}'}
2026-05-03 21:53:05.497 [main] INFO  server.ServerMain - 📤 Send response to Client (303 bytes)
2026-05-03 21:53:08.732 [main] INFO  server.ServerMain - 📦 Received Object: 139 bytes
2026-05-03 21:53:08.733 [main] INFO  server.ServerMain - 📥 Received Request: Request{cmd='show', stringArg='null', objectArg='null'}
2026-05-03 21:53:08.736 [main] INFO  server.ServerMain - 📤 Send response to Client (6341 bytes)
2026-05-03 23:05:50.274 [main] INFO  server.ServerMain - 📦 Received Object: 139 bytes
2026-05-03 23:05:50.281 [main] INFO  server.ServerMain - 📥 Received Request: Request{cmd='help', stringArg='null', objectArg='null'}
2026-05-03 23:05:50.286 [main] INFO  server.ServerMain - 📤 Send response to Client (1694 bytes)
2026-05-03 23:06:15.058 [main] INFO  server.ServerMain - 📦 Received Object: 139 bytes
2026-05-03 23:06:15.059 [main] INFO  server.ServerMain - 📥 Received Request: Request{cmd='show', stringArg='null', objectArg='null'}
2026-05-03 23:06:15.064 [main] INFO  server.ServerMain - 📤 Send response to Client (6341 bytes)
2026-05-03 23:09:30.261 [main] INFO  server.ServerMain - 📦 Received Object: 138 bytes
2026-05-03 23:09:30.262 [main] INFO  server.ServerMain - 📥 Received Request: Request{cmd='aff', stringArg='null', objectArg='null'}
2026-05-03 23:09:30.262 [main] INFO  server.ServerMain - 📤 Send response to Client (289 bytes)
2026-05-03 23:09:37.772 [main] INFO  server.ServerMain - 📦 Received Object: 145 bytes
2026-05-03 23:09:37.773 [main] INFO  server.ServerMain - 📥 Received Request: Request{cmd='add_if_min', stringArg='null', objectArg='null'}
2026-05-03 23:09:37.773 [main] INFO  server.ServerMain - 📤 Send response to Client (239 bytes)
2026-05-03 23:12:39.551 [Thread-0] INFO  server.ServerMain - Сервер завершает работу. Сохранение коллекции...
2026-05-03 23:12:47.943 [main] INFO  server.ServerMain - Hello! Log4j2 run successfully.
2026-05-03 23:12:48.047 [main] INFO  server.ServerMain - 🚀 Server NIO is running at localhost: 1234
2026-05-03 23:12:49.857 [main] INFO  server.ServerMain - 🤝 Sent greeting and accepted: /127.0.0.1:63815
2026-05-03 23:13:22.862 [Thread-0] INFO  server.ServerMain - Сервер завершает работу. Сохранение коллекции...
2026-05-03 23:13:58.416 [main] INFO  server.ServerMain - Hello! Log4j2 run successfully.
2026-05-03 23:13:58.520 [main] INFO  server.ServerMain - 🚀 Server NIO is running at localhost: 1234
2026-05-03 23:14:00.524 [main] INFO  server.ServerMain - 🤝 Sent greeting and accepted: /127.0.0.1:63839
2026-05-03 23:14:11.259 [main] INFO  server.ServerMain - 📦 Received Object: 149 bytes
2026-05-03 23:14:11.268 [main] INFO  server.ServerMain - 📥 Received Request: Request{cmd='add_if_min', stringArg='44', objectArg='null'}
2026-05-03 23:14:11.271 [main] INFO  server.ServerMain - 📤 Send response to Client (276 bytes)
2026-05-03 23:14:11.278 [main] INFO  server.ServerMain - 📦 Received Object: 149 bytes
2026-05-03 23:14:11.278 [main] INFO  server.ServerMain - 📥 Received Request: Request{cmd='add_if_min', stringArg='44', objectArg='null'}
2026-05-03 23:14:11.278 [main] INFO  server.ServerMain - 📤 Send response to Client (276 bytes)
2026-05-03 23:14:32.276 [main] INFO  server.ServerMain - 📦 Received Object: 148 bytes
2026-05-03 23:14:32.276 [main] INFO  server.ServerMain - 📥 Received Request: Request{cmd='add_if_min', stringArg='8', objectArg='null'}
2026-05-03 23:14:32.277 [main] INFO  server.ServerMain - 📤 Send response to Client (276 bytes)
2026-05-03 23:14:32.277 [main] INFO  server.ServerMain - 📦 Received Object: 148 bytes
2026-05-03 23:14:32.278 [main] INFO  server.ServerMain - 📥 Received Request: Request{cmd='add_if_min', stringArg='8', objectArg='null'}
2026-05-03 23:14:32.278 [main] INFO  server.ServerMain - 📤 Send response to Client (276 bytes)
2026-05-03 23:14:37.336 [main] INFO  server.ServerMain - 📦 Received Object: 148 bytes
2026-05-03 23:14:37.337 [main] INFO  server.ServerMain - 📥 Received Request: Request{cmd='add_if_min', stringArg='7', objectArg='null'}
2026-05-03 23:14:37.337 [main] INFO  server.ServerMain - 📤 Send response to Client (282 bytes)
2026-05-03 23:14:57.954 [main] INFO  server.ServerMain - 📦 Received Object: 597 bytes
2026-05-03 23:14:57.965 [main] INFO  server.ServerMain - 📥 Received Request: Request{cmd='add_if_min', stringArg='7', objectArg='HumanBeing {id=1, name='wergsdg', coordinates=(44, 43), realHero=true, hasToothpick=true, impactSpeed=235.0, soundtrackName='sdggggds', minutesOfWaiting=4, weaponType=null, car=null, creationDate=2026-05-03T23:14:57.934836200}'}
2026-05-03 23:14:57.967 [main] INFO  server.ServerMain - 📤 Send response to Client (299 bytes)
2026-05-03 23:17:15.650 [Thread-0] INFO  server.ServerMain - Сервер завершает работу. Сохранение коллекции...
2026-05-03 23:17:33.152 [main] INFO  server.ServerMain - Hello! Log4j2 run successfully.
2026-05-03 23:17:33.260 [main] INFO  server.ServerMain - 🚀 Server NIO is running at localhost: 1234
2026-05-03 23:17:36.452 [main] INFO  server.ServerMain - 🤝 Sent greeting and accepted: /127.0.0.1:50531
2026-05-03 23:18:12.204 [main] INFO  server.ServerMain - 📦 Received Object: 150 bytes
2026-05-03 23:18:12.213 [main] INFO  server.ServerMain - 📥 Received Request: Request{cmd='add_if_min', stringArg='888', objectArg='null'}
2026-05-03 23:18:12.217 [main] INFO  server.ServerMain - 📤 Send response to Client (276 bytes)
2026-05-03 23:18:12.224 [main] INFO  server.ServerMain - 📦 Received Object: 150 bytes
2026-05-03 23:18:12.224 [main] INFO  server.ServerMain - 📥 Received Request: Request{cmd='add_if_min', stringArg='888', objectArg='null'}
2026-05-03 23:18:12.224 [main] INFO  server.ServerMain - 📤 Send response to Client (276 bytes)
2026-05-03 23:18:15.933 [Thread-0] INFO  server.ServerMain - Сервер завершает работу. Сохранение коллекции...
2026-05-03 23:18:28.425 [main] INFO  server.ServerMain - Hello! Log4j2 run successfully.
2026-05-03 23:18:28.539 [main] INFO  server.ServerMain - 🚀 Server NIO is running at localhost: 1234
2026-05-03 23:18:29.394 [main] INFO  server.ServerMain - 🤝 Sent greeting and accepted: /127.0.0.1:52175
2026-05-03 23:19:07.633 [main] ERROR server.ServerMain - ❌ Reading data error: Connection reset
2026-05-03 23:19:07.941 [main] INFO  server.ServerMain - 🤝 Sent greeting and accepted: /127.0.0.1:52187
2026-05-03 23:19:17.177 [main] INFO  server.ServerMain - 📦 Received Object: 148 bytes
2026-05-03 23:19:17.186 [main] INFO  server.ServerMain - 📥 Received Request: Request{cmd='add_if_min', stringArg='7', objectArg='null'}
2026-05-03 23:19:17.191 [main] INFO  server.ServerMain - 📤 Send response to Client (282 bytes)
2026-05-03 23:19:40.007 [main] INFO  server.ServerMain - 📦 Received Object: 595 bytes
2026-05-03 23:19:40.018 [main] INFO  server.ServerMain - 📥 Received Request: Request{cmd='add_if_min', stringArg='7', objectArg='HumanBeing {id=1, name='dfsdg', coordinates=(43, 25), realHero=true, hasToothpick=true, impactSpeed=4255.0, soundtrackName='erggregr', minutesOfWaiting=4, weaponType=null, car=null, creationDate=2026-05-03T23:19:39.988511400}'}
2026-05-03 23:19:40.019 [main] INFO  server.ServerMain - 📤 Send response to Client (299 bytes)
2026-05-03 23:20:03.282 [Thread-0] INFO  server.ServerMain - Сервер завершает работу. Сохранение коллекции...
2026-05-04 23:19:11.508 [main] INFO  server.ServerMain - Hello! Log4j2 run successfully.
2026-05-04 23:19:11.614 [main] INFO  server.ServerMain - 🚀 Server NIO is running at localhost: 1234
2026-05-04 23:19:16.288 [main] INFO  server.ServerMain - 🤝 Sent greeting and accepted: /127.0.0.1:51555
2026-05-04 23:19:20.628 [main] INFO  server.ServerMain - 📦 Received Object: 139 bytes
2026-05-04 23:19:20.638 [main] INFO  server.ServerMain - 📥 Received Request: Request{cmd='show', stringArg='null', objectArg='null'}
2026-05-04 23:19:20.644 [main] INFO  server.ServerMain - 📤 Send response to Client (5957 bytes)
2026-05-04 23:20:42.073 [main] INFO  server.ServerMain - 📦 Received Object: 149 bytes
2026-05-04 23:20:42.074 [main] INFO  server.ServerMain - 📥 Received Request: Request{cmd='add_if_max', stringArg='10', objectArg='null'}
2026-05-04 23:20:42.074 [main] INFO  server.ServerMain - 📤 Send response to Client (282 bytes)
2026-05-04 23:21:17.506 [main] INFO  server.ServerMain - 📦 Received Object: 139 bytes
2026-05-04 23:21:17.506 [main] INFO  server.ServerMain - 📥 Received Request: Request{cmd='show', stringArg='null', objectArg='null'}
2026-05-04 23:21:17.509 [main] INFO  server.ServerMain - 📤 Send response to Client (5957 bytes)
2026-05-04 23:21:27.837 [main] INFO  server.ServerMain - 📦 Received Object: 139 bytes
2026-05-04 23:21:27.838 [main] INFO  server.ServerMain - 📥 Received Request: Request{cmd='show', stringArg='null', objectArg='null'}
2026-05-04 23:21:27.840 [main] INFO  server.ServerMain - 📤 Send response to Client (5957 bytes)
2026-05-04 23:21:30.470 [main] INFO  server.ServerMain - 📦 Received Object: 139 bytes
2026-05-04 23:21:30.471 [main] INFO  server.ServerMain - 📥 Received Request: Request{cmd='show', stringArg='null', objectArg='null'}
2026-05-04 23:21:30.472 [main] INFO  server.ServerMain - 📤 Send response to Client (5957 bytes)
2026-05-04 23:21:38.278 [main] INFO  server.ServerMain - 📦 Received Object: 139 bytes
2026-05-04 23:21:38.279 [main] INFO  server.ServerMain - 📥 Received Request: Request{cmd='help', stringArg='null', objectArg='null'}
2026-05-04 23:21:38.280 [main] INFO  server.ServerMain - 📤 Send response to Client (1691 bytes)
2026-05-04 23:22:28.267 [main] INFO  server.ServerMain - 📦 Received Object: 140 bytes
2026-05-04 23:22:28.267 [main] INFO  server.ServerMain - 📥 Received Request: Request{cmd='clear', stringArg='null', objectArg='null'}
2026-05-04 23:22:28.268 [main] INFO  server.ServerMain - 📤 Send response to Client (335 bytes)
2026-05-04 23:22:32.657 [main] INFO  server.ServerMain - 📦 Received Object: 144 bytes
2026-05-04 23:22:32.658 [main] INFO  server.ServerMain - 📥 Received Request: Request{cmd='clear', stringArg='no', objectArg='null'}
2026-05-04 23:22:32.658 [main] INFO  server.ServerMain - 📤 Send response to Client (232 bytes)
2026-05-04 23:29:00.887 [Thread-0] INFO  server.ServerMain - Сервер завершает работу. Сохранение коллекции...
2026-05-04 23:29:08.521 [main] INFO  server.ServerMain - Hello! Log4j2 run successfully.
2026-05-04 23:29:08.628 [main] INFO  server.ServerMain - 🚀 Server NIO is running at localhost: 1234
2026-05-04 23:29:17.793 [main] INFO  server.ServerMain - 🤝 Sent greeting and accepted: /127.0.0.1:54153
2026-05-04 23:29:20.939 [main] INFO  server.ServerMain - 📦 Received Object: 139 bytes
2026-05-04 23:29:20.949 [main] INFO  server.ServerMain - 📥 Received Request: Request{cmd='help', stringArg='null', objectArg='null'}
2026-05-04 23:29:20.953 [main] INFO  server.ServerMain - 📤 Send response to Client (1789 bytes)
2026-05-04 23:29:34.050 [main] INFO  server.ServerMain - 📦 Received Object: 150 bytes
2026-05-04 23:29:34.050 [main] INFO  server.ServerMain - 📥 Received Request: Request{cmd='run_script_file', stringArg='null', objectArg='null'}
2026-05-04 23:29:34.051 [main] INFO  server.ServerMain - 📤 Send response to Client (308 bytes)
2026-05-04 23:32:07.011 [main] INFO  server.ServerMain - 📦 Received Object: 155 bytes
2026-05-04 23:32:07.012 [main] INFO  server.ServerMain - 📥 Received Request: Request{cmd='filter_contains_name', stringArg='null', objectArg='null'}
2026-05-04 23:32:07.012 [main] INFO  server.ServerMain - 📤 Send response to Client (361 bytes)
2026-05-04 23:32:11.956 [main] INFO  server.ServerMain - 📦 Received Object: 162 bytes
2026-05-04 23:32:11.957 [main] INFO  server.ServerMain - 📥 Received Request: Request{cmd='filter_contains_name', stringArg='duong', objectArg='null'}
2026-05-04 23:32:11.964 [main] INFO  server.ServerMain - 📤 Send response to Client (1531 bytes)
2026-05-04 23:58:37.092 [Thread-0] INFO  server.ServerMain - Сервер завершает работу. Сохранение коллекции...
2026-05-04 23:58:41.342 [main] INFO  server.ServerMain - Hello! Log4j2 run successfully.
2026-05-04 23:58:41.468 [main] INFO  server.ServerMain - 🚀 Server NIO is running at localhost: 1234
2026-05-04 23:58:52.632 [main] INFO  server.ServerMain - 🤝 Sent greeting and accepted: /127.0.0.1:54774
2026-05-04 23:58:59.980 [main] INFO  server.ServerMain - 📦 Received Object: 138 bytes
2026-05-04 23:58:59.987 [main] INFO  server.ServerMain - 📥 Received Request: Request{cmd='run', stringArg='null', objectArg='null'}
2026-05-04 23:58:59.990 [main] INFO  server.ServerMain - 📤 Send response to Client (311 bytes)
2026-05-04 23:59:13.769 [main] INFO  server.ServerMain - 📦 Received Object: 139 bytes
2026-05-04 23:59:13.770 [main] INFO  server.ServerMain - 📥 Received Request: Request{cmd='show', stringArg='null', objectArg='null'}
2026-05-04 23:59:13.773 [main] INFO  server.ServerMain - 📤 Send response to Client (5957 bytes)
2026-05-04 23:59:13.775 [main] INFO  server.ServerMain - 📦 Received Object: 139 bytes
2026-05-04 23:59:13.775 [main] INFO  server.ServerMain - 📥 Received Request: Request{cmd='info', stringArg='null', objectArg='null'}
2026-05-04 23:59:13.780 [main] INFO  server.ServerMain - 📤 Send response to Client (413 bytes)
2026-05-04 23:59:13.781 [main] INFO  server.ServerMain - 📦 Received Object: 139 bytes
2026-05-04 23:59:13.781 [main] INFO  server.ServerMain - 📥 Received Request: Request{cmd='help', stringArg='null', objectArg='null'}
2026-05-04 23:59:13.782 [main] INFO  server.ServerMain - 📤 Send response to Client (1789 bytes)
